Determining if the pthread_create exist failed with the following output:
Change Dir: /home/admin1/Desktop/turtlebot/build/CMakeFiles/CMakeTmp

Run Build Command:"/usr/bin/make" "cmTC_176a5/fast"
/usr/bin/make -f CMakeFiles/cmTC_176a5.dir/build.make CMakeFiles/cmTC_176a5.dir/build
make[1]: Entering directory '/home/admin1/Desktop/turtlebot/build/CMakeFiles/CMakeTmp'
Building C object CMakeFiles/cmTC_176a5.dir/CheckSymbolExists.c.o
/usr/bin/cc     -o CMakeFiles/cmTC_176a5.dir/CheckSymbolExists.c.o   -c /home/admin1/Desktop/turtlebot/build/CMakeFiles/CMakeTmp/CheckSymbolExists.c
Linking C executable cmTC_176a5
/usr/bin/cmake -E cmake_link_script CMakeFiles/cmTC_176a5.dir/link.txt --verbose=1
/usr/bin/cc       CMakeFiles/cmTC_176a5.dir/CheckSymbolExists.c.o  -o cmTC_176a5 -rdynamic 
CMakeFiles/cmTC_176a5.dir/CheckSymbolExists.c.o: In function `main':
CheckSymbolExists.c:(.text+0x16): undefined reference to `pthread_create'
collect2: error: ld returned 1 exit status
CMakeFiles/cmTC_176a5.dir/build.make:97: recipe for target 'cmTC_176a5' failed
make[1]: *** [cmTC_176a5] Error 1
make[1]: Leaving directory '/home/admin1/Desktop/turtlebot/build/CMakeFiles/CMakeTmp'
Makefile:126: recipe for target 'cmTC_176a5/fast' failed
make: *** [cmTC_176a5/fast] Error 2

File /home/admin1/Desktop/turtlebot/build/CMakeFiles/CMakeTmp/CheckSymbolExists.c:
/* */
#include <pthread.h>

int main(int argc, char** argv)
{
  (void)argv;
#ifndef pthread_create
  return ((int*)(&pthread_create))[argc];
#else
  (void)argc;
  return 0;
#endif
}

Determining if the function pthread_create exists in the pthreads failed with the following output:
Change Dir: /home/admin1/Desktop/turtlebot/build/CMakeFiles/CMakeTmp

Run Build Command:"/usr/bin/make" "cmTC_4dacd/fast"
/usr/bin/make -f CMakeFiles/cmTC_4dacd.dir/build.make CMakeFiles/cmTC_4dacd.dir/build
make[1]: Entering directory '/home/admin1/Desktop/turtlebot/build/CMakeFiles/CMakeTmp'
Building C object CMakeFiles/cmTC_4dacd.dir/CheckFunctionExists.c.o
/usr/bin/cc    -DCHECK_FUNCTION_EXISTS=pthread_create   -o CMakeFiles/cmTC_4dacd.dir/CheckFunctionExists.c.o   -c /usr/share/cmake-3.5/Modules/CheckFunctionExists.c
Linking C executable cmTC_4dacd
/usr/bin/cmake -E cmake_link_script CMakeFiles/cmTC_4dacd.dir/link.txt --verbose=1
/usr/bin/cc   -DCHECK_FUNCTION_EXISTS=pthread_create    CMakeFiles/cmTC_4dacd.dir/CheckFunctionExists.c.o  -o cmTC_4dacd -rdynamic -lpthreads 
/usr/bin/ld: cannot find -lpthreads
collect2: error: ld returned 1 exit status
CMakeFiles/cmTC_4dacd.dir/build.make:97: recipe for target 'cmTC_4dacd' failed
make[1]: *** [cmTC_4dacd] Error 1
make[1]: Leaving directory '/home/admin1/Desktop/turtlebot/build/CMakeFiles/CMakeTmp'
Makefile:126: recipe for target 'cmTC_4dacd/fast' failed
make: *** [cmTC_4dacd/fast] Error 2


